<?xml version="1.0" encoding="UTF-8"?>
<testng-results ignored="0" total="1" passed="0" failed="1" skipped="0">
  <reporter-output>
  </reporter-output>
  <suite started-at="2020-04-30T18:53:50 MSK" name="Default suite" finished-at="2020-04-30T18:55:33 MSK" duration-ms="102549">
    <groups>
    </groups>
    <test started-at="2020-04-30T18:53:50 MSK" name="Default test" finished-at="2020-04-30T18:55:33 MSK" duration-ms="102549">
      <class name="ubs.Pp3violNum2">
        <test-method signature="addUbs819pp3()[pri:0, instance:ubs.Pp3violNum2@52de51b6]" started-at="2020-04-30T18:53:50 MSK" name="addUbs819pp3" finished-at="2020-04-30T18:55:33 MSK" duration-ms="102509" status="FAIL">
          <exception class="org.openqa.selenium.ElementClickInterceptedException">
            <message>
              <![CDATA[element click intercepted: Element <button id="submit-form-btn" class="btn btn-primary" title="..." data-source-val="">Сохранить</button> is not clickable at point (451, 777). Other element would receive the click: <div id="select2-drop-mask" class="select2-drop-mask" style="display: block;"></div>
  (Session info: chrome=81.0.4044.129)
Build info: version: '4.0.0-alpha-5', revision: 'b3a0d621cc'
System info: host: 'DESKTOP-4KOFTEK', ip: '172.18.24.124', os.name: 'Windows 10', os.arch: 'amd64', os.version: '10.0', java.version: '11.0.7'
Driver info: org.openqa.selenium.chrome.ChromeDriver
Capabilities {acceptInsecureCerts: false, browserName: chrome, browserVersion: 81.0.4044.129, chrome: {chromedriverVersion: 80.0.3987.106 (f68069574609..., userDataDir: C:\Users\ALEXAN~1\AppData\L...}, goog:chromeOptions: {debuggerAddress: localhost:54477}, javascriptEnabled: true, networkConnectionEnabled: false, pageLoadStrategy: eager, platform: WINDOWS, platformName: WINDOWS, proxy: Proxy(), setWindowRect: true, strictFileInteractability: false, timeouts: {implicit: 0, pageLoad: 300000, script: 30000}, unhandledPromptBehavior: dismiss and notify}
Session ID: ae35e49c93e182e2ac47da780e20786f]]>
            </message>
            <full-stacktrace>
              <![CDATA[org.openqa.selenium.ElementClickInterceptedException: element click intercepted: Element <button id="submit-form-btn" class="btn btn-primary" title="..." data-source-val="">Сохранить</button> is not clickable at point (451, 777). Other element would receive the click: <div id="select2-drop-mask" class="select2-drop-mask" style="display: block;"></div>
  (Session info: chrome=81.0.4044.129)
Build info: version: '4.0.0-alpha-5', revision: 'b3a0d621cc'
System info: host: 'DESKTOP-4KOFTEK', ip: '172.18.24.124', os.name: 'Windows 10', os.arch: 'amd64', os.version: '10.0', java.version: '11.0.7'
Driver info: org.openqa.selenium.chrome.ChromeDriver
Capabilities {acceptInsecureCerts: false, browserName: chrome, browserVersion: 81.0.4044.129, chrome: {chromedriverVersion: 80.0.3987.106 (f68069574609..., userDataDir: C:\Users\ALEXAN~1\AppData\L...}, goog:chromeOptions: {debuggerAddress: localhost:54477}, javascriptEnabled: true, networkConnectionEnabled: false, pageLoadStrategy: eager, platform: WINDOWS, platformName: WINDOWS, proxy: Proxy(), setWindowRect: true, strictFileInteractability: false, timeouts: {implicit: 0, pageLoad: 300000, script: 30000}, unhandledPromptBehavior: dismiss and notify}
Session ID: ae35e49c93e182e2ac47da780e20786f
at java.base/jdk.internal.reflect.NativeConstructorAccessorImpl.newInstance0(Native Method)
at java.base/jdk.internal.reflect.NativeConstructorAccessorImpl.newInstance(NativeConstructorAccessorImpl.java:62)
at java.base/jdk.internal.reflect.DelegatingConstructorAccessorImpl.newInstance(DelegatingConstructorAccessorImpl.java:45)
at java.base/java.lang.reflect.Constructor.newInstance(Constructor.java:490)
at org.openqa.selenium.remote.codec.w3c.W3CHttpResponseCodec.createException(W3CHttpResponseCodec.java:196)
at org.openqa.selenium.remote.codec.w3c.W3CHttpResponseCodec.decode(W3CHttpResponseCodec.java:129)
at org.openqa.selenium.remote.codec.w3c.W3CHttpResponseCodec.decode(W3CHttpResponseCodec.java:53)
at org.openqa.selenium.remote.HttpCommandExecutor.execute(HttpCommandExecutor.java:161)
at org.openqa.selenium.remote.service.DriverCommandExecutor.execute(DriverCommandExecutor.java:83)
at org.openqa.selenium.remote.RemoteWebDriver.execute(RemoteWebDriver.java:582)
at org.openqa.selenium.remote.RemoteWebElement.execute(RemoteWebElement.java:316)
at org.openqa.selenium.remote.RemoteWebElement.click(RemoteWebElement.java:85)
at inspection.Prescription.fillPrescription(Prescription.java:67)
at inspection.InspViol.addPrescription(InspViol.java:133)
at ubs.Pp3violNum2.addUbs819pp3(Pp3violNum2.java:104)
at java.base/jdk.internal.reflect.NativeMethodAccessorImpl.invoke0(Native Method)
at java.base/jdk.internal.reflect.NativeMethodAccessorImpl.invoke(NativeMethodAccessorImpl.java:62)
at java.base/jdk.internal.reflect.DelegatingMethodAccessorImpl.invoke(DelegatingMethodAccessorImpl.java:43)
at java.base/java.lang.reflect.Method.invoke(Method.java:566)
at org.testng.internal.MethodInvocationHelper.invokeMethod(MethodInvocationHelper.java:134)
at org.testng.internal.TestInvoker.invokeMethod(TestInvoker.java:597)
at org.testng.internal.TestInvoker.invokeTestMethod(TestInvoker.java:173)
at org.testng.internal.MethodRunner.runInSequence(MethodRunner.java:46)
at org.testng.internal.TestInvoker$MethodInvocationAgent.invoke(TestInvoker.java:816)
at org.testng.internal.TestInvoker.invokeTestMethods(TestInvoker.java:146)
at org.testng.internal.TestMethodWorker.invokeTestMethods(TestMethodWorker.java:146)
at org.testng.internal.TestMethodWorker.run(TestMethodWorker.java:128)
at java.base/java.util.ArrayList.forEach(ArrayList.java:1540)
at org.testng.TestRunner.privateRun(TestRunner.java:766)
at org.testng.TestRunner.run(TestRunner.java:587)
at org.testng.SuiteRunner.runTest(SuiteRunner.java:384)
at org.testng.SuiteRunner.runSequentially(SuiteRunner.java:378)
at org.testng.SuiteRunner.privateRun(SuiteRunner.java:337)
at org.testng.SuiteRunner.run(SuiteRunner.java:286)
at org.testng.SuiteRunnerWorker.runSuite(SuiteRunnerWorker.java:53)
at org.testng.SuiteRunnerWorker.run(SuiteRunnerWorker.java:96)
at org.testng.TestNG.runSuitesSequentially(TestNG.java:1187)
at org.testng.TestNG.runSuitesLocally(TestNG.java:1109)
at org.testng.TestNG.runSuites(TestNG.java:1039)
at org.testng.TestNG.run(TestNG.java:1007)
at org.testng.remote.AbstractRemoteTestNG.run(AbstractRemoteTestNG.java:115)
at org.testng.remote.RemoteTestNG.initAndRun(RemoteTestNG.java:251)
at org.testng.remote.RemoteTestNG.main(RemoteTestNG.java:77)
]]>
            </full-stacktrace>
          </exception> <!-- org.openqa.selenium.ElementClickInterceptedException -->
          <reporter-output>
          </reporter-output>
        </test-method> <!-- addUbs819pp3 -->
      </class> <!-- ubs.Pp3violNum2 -->
    </test> <!-- Default test -->
  </suite> <!-- Default suite -->
</testng-results>
